<?xml version="1.0" encoding="UTF-8"?>
<testng-results ignored="0" total="1" passed="1" failed="0" skipped="0">
  <reporter-output>
    <line>
      <![CDATA[openBrowser]]>
    </line>
    <line>
      <![CDATA[]]>
    </line>
    <line>
      <![CDATA[createProject]]>
    </line>
    <line>
      <![CDATA[setTasks]]>
    </line>
    <line>
      <![CDATA[logout]]>
    </line>
    <line>
      <![CDATA[Logout]]>
    </line>
    <line>
      <![CDATA[closeBrowser]]>
    </line>
  </reporter-output>
  <suite started-at="2023-01-29T18:18:06 IST" name="Default suite" finished-at="2023-01-29T18:20:15 IST" duration-ms="129033">
    <groups>
    </groups>
    <test started-at="2023-01-29T18:18:06 IST" name="Default test" finished-at="2023-01-29T18:20:15 IST" duration-ms="129033">
      <class name="com.actitime.testscript.CustomerModule">
        <test-method is-config="true" signature="openBrowser()[pri:0, instance:com.actitime.testscript.CustomerModule@27ce24aa]" started-at="2023-01-29T18:18:06 IST" name="openBrowser" finished-at="2023-01-29T18:18:10 IST" duration-ms="3555" status="PASS">
          <reporter-output>
            <line>
              <![CDATA[openBrowser]]>
            </line>
          </reporter-output>
        </test-method> <!-- openBrowser -->
        <test-method is-config="true" signature="login()[pri:0, instance:com.actitime.testscript.CustomerModule@27ce24aa]" started-at="2023-01-29T18:18:10 IST" name="login" finished-at="2023-01-29T18:18:54 IST" duration-ms="44081" status="PASS">
          <reporter-output>
            <line>
              <![CDATA[]]>
            </line>
          </reporter-output>
        </test-method> <!-- login -->
        <test-method signature="createProject()[pri:0, instance:com.actitime.testscript.CustomerModule@27ce24aa]" started-at="2023-01-29T18:18:54 IST" name="createProject" finished-at="2023-01-29T18:19:48 IST" duration-ms="54071" status="PASS">
          <reporter-output>
            <line>
              <![CDATA[createProject]]>
            </line>
            <line>
              <![CDATA[setTasks]]>
            </line>
          </reporter-output>
        </test-method> <!-- createProject -->
        <test-method is-config="true" signature="logout()[pri:0, instance:com.actitime.testscript.CustomerModule@27ce24aa]" started-at="2023-01-29T18:19:48 IST" name="logout" finished-at="2023-01-29T18:20:14 IST" duration-ms="26469" status="PASS">
          <reporter-output>
            <line>
              <![CDATA[logout]]>
            </line>
            <line>
              <![CDATA[Logout]]>
            </line>
          </reporter-output>
        </test-method> <!-- logout -->
        <test-method is-config="true" signature="closeBrowser()[pri:0, instance:com.actitime.testscript.CustomerModule@27ce24aa]" started-at="2023-01-29T18:20:14 IST" name="closeBrowser" finished-at="2023-01-29T18:20:15 IST" duration-ms="809" status="PASS">
          <reporter-output>
            <line>
              <![CDATA[closeBrowser]]>
            </line>
          </reporter-output>
        </test-method> <!-- closeBrowser -->
      </class> <!-- com.actitime.testscript.CustomerModule -->
    </test> <!-- Default test -->
  </suite> <!-- Default suite -->
</testng-results>
